0 info it worked if it ends with ok
1 verbose cli [ '/home/nugo/.nvm/v0.10.48/bin/node',
1 verbose cli   '/home/nugo/.nvm/v0.10.48/bin/npm',
1 verbose cli   'run',
1 verbose cli   'server' ]
2 info using npm@2.15.1
3 info using node@v0.10.48
4 verbose run-script [ 'preserver', 'server', 'postserver' ]
5 info preserver tracker@1.0.0
6 info server tracker@1.0.0
7 verbose unsafe-perm in lifecycle true
8 info tracker@1.0.0 Failed to exec server script
9 verbose stack Error: tracker@1.0.0 server: `nodemon server`
9 verbose stack Exit status 8
9 verbose stack     at EventEmitter.<anonymous> (/home/nugo/.nvm/v0.10.48/lib/node_modules/npm/lib/utils/lifecycle.js:217:16)
9 verbose stack     at EventEmitter.emit (events.js:98:17)
9 verbose stack     at ChildProcess.<anonymous> (/home/nugo/.nvm/v0.10.48/lib/node_modules/npm/lib/utils/spawn.js:24:14)
9 verbose stack     at ChildProcess.emit (events.js:98:17)
9 verbose stack     at maybeClose (child_process.js:766:16)
9 verbose stack     at Process.ChildProcess._handle.onexit (child_process.js:833:5)
10 verbose pkgid tracker@1.0.0
11 verbose cwd /home/nugo/WebstormProjects/Tracker
12 error Linux 5.0.0-25-generic
13 error argv "/home/nugo/.nvm/v0.10.48/bin/node" "/home/nugo/.nvm/v0.10.48/bin/npm" "run" "server"
14 error node v0.10.48
15 error npm  v2.15.1
16 error code ELIFECYCLE
17 error tracker@1.0.0 server: `nodemon server`
17 error Exit status 8
18 error Failed at the tracker@1.0.0 server script 'nodemon server'.
18 error This is most likely a problem with the tracker package,
18 error not with npm itself.
18 error Tell the author that this fails on your system:
18 error     nodemon server
18 error You can get information on how to open an issue for this project with:
18 error     npm bugs tracker
18 error Or if that isn't available, you can get their info via:
18 error
18 error     npm owner ls tracker
18 error There is likely additional logging output above.
19 verbose exit [ 1, true ]
